#
# A fatal error has been detected by the Java Runtime Environment:
#
#  Internal Error (javaClasses.cpp:136), pid=17355, tid=140375427024640
#  fatal error: Invalid layout of preloaded class
#
# JRE version:  (7.0_45-b18) (build )
# Java VM: Java HotSpot(TM) 64-Bit Server VM (24.45-b08 mixed mode linux-amd64 compressed oops)
# Failed to write core dump. Core dumps have been disabled. To enable core dumping, try "ulimit -c unlimited" before starting Java again
#
# If you would like to submit a bug report, please visit:
#   http://bugreport.sun.com/bugreport/crash.jsp
#

---------------  T H R E A D  ---------------

Current thread (0x00007fabac008800):  JavaThread "Unknown thread" [_thread_in_vm, id=17357, stack(0x00007fabb3668000,0x00007fabb3769000)]

Stack: [0x00007fabb3668000,0x00007fabb3769000],  sp=0x00007fabb37677f0,  free space=1021k
Native frames: (J=compiled Java code, j=interpreted, Vv=VM code, C=native code)
V  [libjvm.so+0x992c8a]  VMError::report_and_die()+0x2ea
V  [libjvm.so+0x493559]  report_fatal(char const*, int, char const*)+0x59
V  [libjvm.so+0x5fdd00]  compute_offset(int&, klassOopDesc*, Symbol*, Symbol*, bool)+0x140
V  [libjvm.so+0x5fe819]  java_lang_String::compute_offsets()+0x39
V  [libjvm.so+0x918f55]  SystemDictionary::initialize_preloaded_classes(Thread*)+0x1a5
V  [libjvm.so+0x967c94]  Universe::genesis(Thread*)+0x494
V  [libjvm.so+0x968149]  universe2_init()+0x29
V  [libjvm.so+0x5a969d]  init_globals()+0xbd
V  [libjvm.so+0x94ed1d]  Threads::create_vm(JavaVMInitArgs*, bool*)+0x1ed
V  [libjvm.so+0x630804]  JNI_CreateJavaVM+0x74
C  [libjli.so+0x2f8e]  JavaMain+0x9e


---------------  P R O C E S S  ---------------

Java Threads: ( => current thread )

Other Threads:

=>0x00007fabac008800 (exited) JavaThread "Unknown thread" [_thread_in_vm, id=17357, stack(0x00007fabb3668000,0x00007fabb3769000)]

VM state:not at safepoint (not fully initialized)

VM Mutex/Monitor currently owned by a thread: None

GC Heap History (0 events):
No events

Deoptimization events (0 events):
No events

Internal exceptions (0 events):
No events

Events (10 events):
Event: 0.013 loading class 0x00007fabb20726f0 done
Event: 0.014 loading class 0x00007fabb2072110 done
Event: 0.014 loading class 0x00007fabb20720f0
Event: 0.014 loading class 0x00007fabb207a1f0
Event: 0.014 loading class 0x00007fabb207a1f0 done
Event: 0.014 loading class 0x00007fabb207a220
Event: 0.014 loading class 0x00007fabb207a220 done
Event: 0.014 loading class 0x00007fabb207a250
Event: 0.014 loading class 0x00007fabb207a250 done
Event: 0.016 loading class 0x00007fabb20720f0 done


Dynamic libraries:
00400000-00401000 r-xp 00000000 08:04 1966601                            /usr/java/jdk1.7.0_45/bin/java
00600000-00601000 rw-p 00000000 08:04 1966601                            /usr/java/jdk1.7.0_45/bin/java
00a17000-00a38000 rw-p 00000000 00:00 0                                  [heap]
9fc00000-a1100000 rw-p 00000000 00:00 0 
a1100000-a4e00000 rw-p 00000000 00:00 0 
a4e00000-a8a80000 rw-p 00000000 00:00 0 
a8a80000-e1a00000 rw-p 00000000 00:00 0 
e1a00000-e3880000 rw-p 00000000 00:00 0 
e3880000-100000000 rw-p 00000000 00:00 0 
339fc00000-339fc21000 r-xp 00000000 08:04 1999051                        /usr/lib64/ld-2.17.so
339fe20000-339fe21000 r--p 00020000 08:04 1999051                        /usr/lib64/ld-2.17.so
339fe21000-339fe22000 rw-p 00021000 08:04 1999051                        /usr/lib64/ld-2.17.so
339fe22000-339fe23000 rw-p 00000000 00:00 0 
33a0000000-33a01b6000 r-xp 00000000 08:04 1999052                        /usr/lib64/libc-2.17.so
33a01b6000-33a03b6000 ---p 001b6000 08:04 1999052                        /usr/lib64/libc-2.17.so
33a03b6000-33a03ba000 r--p 001b6000 08:04 1999052                        /usr/lib64/libc-2.17.so
33a03ba000-33a03bc000 rw-p 001ba000 08:04 1999052                        /usr/lib64/libc-2.17.so
33a03bc000-33a03c1000 rw-p 00000000 00:00 0 
33a0400000-33a0416000 r-xp 00000000 08:04 1999062                        /usr/lib64/libpthread-2.17.so
33a0416000-33a0616000 ---p 00016000 08:04 1999062                        /usr/lib64/libpthread-2.17.so
33a0616000-33a0617000 r--p 00016000 08:04 1999062                        /usr/lib64/libpthread-2.17.so
33a0617000-33a0618000 rw-p 00017000 08:04 1999062                        /usr/lib64/libpthread-2.17.so
33a0618000-33a061c000 rw-p 00000000 00:00 0 
33a0800000-33a0803000 r-xp 00000000 08:04 1999069                        /usr/lib64/libdl-2.17.so
33a0803000-33a0a02000 ---p 00003000 08:04 1999069                        /usr/lib64/libdl-2.17.so
33a0a02000-33a0a03000 r--p 00002000 08:04 1999069                        /usr/lib64/libdl-2.17.so
33a0a03000-33a0a04000 rw-p 00003000 08:04 1999069                        /usr/lib64/libdl-2.17.so
33a0c00000-33a0d01000 r-xp 00000000 08:04 1966303                        /usr/lib64/libm-2.17.so
33a0d01000-33a0f00000 ---p 00101000 08:04 1966303                        /usr/lib64/libm-2.17.so
33a0f00000-33a0f01000 r--p 00100000 08:04 1966303                        /usr/lib64/libm-2.17.so
33a0f01000-33a0f02000 rw-p 00101000 08:04 1966303                        /usr/lib64/libm-2.17.so
33a1400000-33a1407000 r-xp 00000000 08:04 1966947                        /usr/lib64/librt-2.17.so
33a1407000-33a1606000 ---p 00007000 08:04 1966947                        /usr/lib64/librt-2.17.so
33a1606000-33a1607000 r--p 00006000 08:04 1966947                        /usr/lib64/librt-2.17.so
33a1607000-33a1608000 rw-p 00007000 08:04 1966947                        /usr/lib64/librt-2.17.so
7fab8c000000-7fab8c021000 rw-p 00000000 00:00 0 
7fab8c021000-7fab90000000 ---p 00000000 00:00 0 
7fab94000000-7fab94021000 rw-p 00000000 00:00 0 
7fab94021000-7fab98000000 ---p 00000000 00:00 0 
7fab9c000000-7fab9c021000 rw-p 00000000 00:00 0 
7fab9c021000-7faba0000000 ---p 00000000 00:00 0 
7faba0fe0000-7faba4000000 rw-p 00000000 00:00 0 
7faba4000000-7faba4021000 rw-p 00000000 00:00 0 
7faba4021000-7faba8000000 ---p 00000000 00:00 0 
7faba9000000-7faba9270000 rwxp 00000000 00:00 0 
7faba9270000-7fabac053000 rw-p 00000000 00:00 0 
7fabac053000-7fabb0000000 ---p 00000000 00:00 0 
7fabb1cb9000-7fabb1f25000 rw-p 00000000 00:00 0 
7fabb1f25000-7fabb1ffc000 r--s 013f2000 08:04 1581163                    /home/meng/software/android-studio/sdk/platforms/android-19/android.jar
7fabb1ffc000-7fabb2416000 rw-p 00000000 00:00 0 
7fabb2416000-7fabb2417000 ---p 00000000 00:00 0 
7fabb2417000-7fabb2517000 rw-p 00000000 00:00 0                          [stack:17363]
7fabb2517000-7fabb2518000 ---p 00000000 00:00 0 
7fabb2518000-7fabb2618000 rw-p 00000000 00:00 0                          [stack:17361]
7fabb2618000-7fabb2619000 ---p 00000000 00:00 0 
7fabb2619000-7fabb2719000 rw-p 00000000 00:00 0                          [stack:17360]
7fabb2719000-7fabb271a000 ---p 00000000 00:00 0 
7fabb271a000-7fabb2825000 rw-p 00000000 00:00 0                          [stack:17359]
7fabb2825000-7fabb2843000 rw-p 00000000 00:00 0 
7fabb2843000-7fabb2862000 rw-p 00000000 00:00 0 
7fabb2862000-7fabb2a29000 rw-p 00000000 00:00 0 
7fabb2a29000-7fabb2a34000 rw-p 00000000 00:00 0 
7fabb2a34000-7fabb2a52000 rw-p 00000000 00:00 0 
7fabb2a52000-7fabb2a71000 rw-p 00000000 00:00 0 
7fabb2a71000-7fabb2c38000 rw-p 00000000 00:00 0 
7fabb2c38000-7fabb2c48000 rw-p 00000000 00:00 0 
7fabb2c48000-7fabb2d2b000 rw-p 00000000 00:00 0 
7fabb2d2b000-7fabb2d36000 rw-p 00000000 00:00 0 
7fabb2d36000-7fabb2dec000 rw-p 00000000 00:00 0 
7fabb2dec000-7fabb2e06000 r-xp 00000000 08:04 1976423                    /usr/java/jdk1.7.0_45/jre/lib/amd64/libzip.so
7fabb2e06000-7fabb3006000 ---p 0001a000 08:04 1976423                    /usr/java/jdk1.7.0_45/jre/lib/amd64/libzip.so
7fabb3006000-7fabb3007000 rw-p 0001a000 08:04 1976423                    /usr/java/jdk1.7.0_45/jre/lib/amd64/libzip.so
7fabb3007000-7fabb3013000 r-xp 00000000 08:04 1974639                    /usr/lib64/libnss_files-2.17.so
7fabb3013000-7fabb3212000 ---p 0000c000 08:04 1974639                    /usr/lib64/libnss_files-2.17.so
7fabb3212000-7fabb3213000 r--p 0000b000 08:04 1974639                    /usr/lib64/libnss_files-2.17.so
7fabb3213000-7fabb3214000 rw-p 0000c000 08:04 1974639                    /usr/lib64/libnss_files-2.17.so
7fabb322f000-7fabb3258000 r-xp 00000000 08:04 1976358                    /usr/java/jdk1.7.0_45/jre/lib/amd64/libjava.so
7fabb3258000-7fabb3458000 ---p 00029000 08:04 1976358                    /usr/java/jdk1.7.0_45/jre/lib/amd64/libjava.so
7fabb3458000-7fabb345a000 rw-p 00029000 08:04 1976358                    /usr/java/jdk1.7.0_45/jre/lib/amd64/libjava.so
7fabb345a000-7fabb3467000 r-xp 00000000 08:04 1976422                    /usr/java/jdk1.7.0_45/jre/lib/amd64/libverify.so
7fabb3467000-7fabb3666000 ---p 0000d000 08:04 1976422                    /usr/java/jdk1.7.0_45/jre/lib/amd64/libverify.so
7fabb3666000-7fabb3668000 rw-p 0000c000 08:04 1976422                    /usr/java/jdk1.7.0_45/jre/lib/amd64/libverify.so
7fabb3668000-7fabb366b000 ---p 00000000 00:00 0 
7fabb366b000-7fabb3769000 rw-p 00000000 00:00 0                          [stack:17357]
7fabb3769000-7fabb42cb000 r-xp 00000000 08:04 1976439                    /usr/java/jdk1.7.0_45/jre/lib/amd64/server/libjvm.so
7fabb42cb000-7fabb44cb000 ---p 00b62000 08:04 1976439                    /usr/java/jdk1.7.0_45/jre/lib/amd64/server/libjvm.so
7fabb44cb000-7fabb458e000 rw-p 00b62000 08:04 1976439                    /usr/java/jdk1.7.0_45/jre/lib/amd64/server/libjvm.so
7fabb458e000-7fabb45d2000 rw-p 00000000 00:00 0 
7fabb45d2000-7fabb45e8000 r-xp 00000000 08:04 1977688                    /usr/java/jdk1.7.0_45/lib/amd64/jli/libjli.so
7fabb45e8000-7fabb47e8000 ---p 00016000 08:04 1977688                    /usr/java/jdk1.7.0_45/lib/amd64/jli/libjli.so
7fabb47e8000-7fabb47e9000 rw-p 00016000 08:04 1977688                    /usr/java/jdk1.7.0_45/lib/amd64/jli/libjli.so
7fabb47e9000-7fabb47ea000 rw-p 00000000 00:00 0 
7fabb47f9000-7fabb47fb000 rw-p 00000000 00:00 0 
7fabb47fb000-7fabb4803000 rw-s 00000000 00:20 577692                     /tmp/hsperfdata_meng/17355
7fabb4803000-7fabb4804000 rw-p 00000000 00:00 0 
7fabb4804000-7fabb4805000 r--p 00000000 00:00 0 
7fabb4805000-7fabb4806000 rw-p 00000000 00:00 0 
7fff8ce11000-7fff8ce32000 rw-p 00000000 00:00 0                          [stack]
7fff8cfc8000-7fff8cfca000 r-xp 00000000 00:00 0                          [vdso]
ffffffffff600000-ffffffffff601000 r-xp 00000000 00:00 0                  [vsyscall]

VM Arguments:
jvm_args: -Dfile.encoding=UTF-8 -Xbootclasspath:/home/meng/software/android-studio/sdk/platforms/android-19/android.jar 
java_command: com.graduation.net.NetUtil
Launcher Type: SUN_STANDARD

Environment Variables:
PATH=/home/meng/software/android-studio/bin:/usr/lib64/qt-3.3/bin:/usr/local/bin:/usr/bin:/bin:/usr/games:/usr/local/sbin:/usr/sbin:/home/meng/software/adt-bundle-linux-x86_64-20131030/sdk:/home/meng/.local/bin:/home/meng/bin
SHELL=/bin/bash
DISPLAY=:0

Signal Handlers:
SIGSEGV: [libjvm.so+0x9935b0], sa_mask[0]=0x7ffbfeff, sa_flags=0x10000004
SIGBUS: [libjvm.so+0x9935b0], sa_mask[0]=0x7ffbfeff, sa_flags=0x10000004
SIGFPE: [libjvm.so+0x810330], sa_mask[0]=0x7ffbfeff, sa_flags=0x10000004
SIGPIPE: [libjvm.so+0x810330], sa_mask[0]=0x7ffbfeff, sa_flags=0x10000004
SIGXFSZ: [libjvm.so+0x810330], sa_mask[0]=0x7ffbfeff, sa_flags=0x10000004
SIGILL: [libjvm.so+0x810330], sa_mask[0]=0x7ffbfeff, sa_flags=0x10000004
SIGUSR1: SIG_DFL, sa_mask[0]=0x00000000, sa_flags=0x00000000
SIGUSR2: [libjvm.so+0x811820], sa_mask[0]=0x00000004, sa_flags=0x10000004
SIGHUP: SIG_DFL, sa_mask[0]=0x00000000, sa_flags=0x00000000
SIGINT: SIG_DFL, sa_mask[0]=0x00000000, sa_flags=0x00000000
SIGTERM: SIG_DFL, sa_mask[0]=0x00000000, sa_flags=0x00000000
SIGQUIT: SIG_DFL, sa_mask[0]=0x00000000, sa_flags=0x00000000


---------------  S Y S T E M  ---------------

OS:Fedora release 19 (Schrödinger’s Cat)

uname:Linux 3.9.5-301.fc19.x86_64 #1 SMP Tue Jun 11 19:39:38 UTC 2013 x86_64
libc:glibc 2.17 NPTL 2.17 
rlimit: STACK 32768k, CORE 0k, NPROC 1024, NOFILE 4096, AS infinity
load average:0.48 1.05 1.02

/proc/meminfo:
MemTotal:        5971716 kB
MemFree:          115508 kB
Buffers:           49548 kB
Cached:          3459932 kB
SwapCached:          428 kB
Active:          3020972 kB
Inactive:        2391284 kB
Active(anon):    1892240 kB
Inactive(anon):  1175300 kB
Active(file):    1128732 kB
Inactive(file):  1215984 kB
Unevictable:           0 kB
Mlocked:               0 kB
SwapTotal:       4095996 kB
SwapFree:        4086708 kB
Dirty:               204 kB
Writeback:             0 kB
AnonPages:       1902532 kB
Mapped:           214892 kB
Shmem:           1164764 kB
Slab:             246116 kB
SReclaimable:     172544 kB
SUnreclaim:        73572 kB
KernelStack:        3264 kB
PageTables:        53680 kB
NFS_Unstable:          0 kB
Bounce:                0 kB
WritebackTmp:          0 kB
CommitLimit:     7081852 kB
Committed_AS:    8185604 kB
VmallocTotal:   34359738367 kB
VmallocUsed:      364504 kB
VmallocChunk:   34359360548 kB
HardwareCorrupted:     0 kB
AnonHugePages:    815104 kB
HugePages_Total:       0
HugePages_Free:        0
HugePages_Rsvd:        0
HugePages_Surp:        0
Hugepagesize:       2048 kB
DirectMap4k:      439192 kB
DirectMap2M:     5709824 kB


CPU:total 4 (2 cores per cpu, 2 threads per core) family 6 model 37 stepping 5, cmov, cx8, fxsr, mmx, sse, sse2, sse3, ssse3, sse4.1, sse4.2, popcnt, ht, tsc, tscinvbit

/proc/cpuinfo:
processor	: 0
vendor_id	: GenuineIntel
cpu family	: 6
model		: 37
model name	: Intel(R) Core(TM) i3 CPU       M 350  @ 2.27GHz
stepping	: 5
microcode	: 0x3
cpu MHz		: 2266.000
cache size	: 3072 KB
physical id	: 0
siblings	: 4
core id		: 0
cpu cores	: 2
apicid		: 0
initial apicid	: 0
fpu		: yes
fpu_exception	: yes
cpuid level	: 11
wp		: yes
flags		: fpu vme de pse tsc msr pae mce cx8 apic sep mtrr pge mca cmov pat pse36 clflush dts acpi mmx fxsr sse sse2 ss ht tm pbe syscall nx rdtscp lm constant_tsc arch_perfmon pebs bts rep_good nopl xtopology nonstop_tsc aperfmperf pni dtes64 monitor ds_cpl vmx est tm2 ssse3 cx16 xtpr pdcm pcid sse4_1 sse4_2 popcnt lahf_lm arat dtherm tpr_shadow vnmi flexpriority ept vpid
bogomips	: 4521.60
clflush size	: 64
cache_alignment	: 64
address sizes	: 36 bits physical, 48 bits virtual
power management:

processor	: 1
vendor_id	: GenuineIntel
cpu family	: 6
model		: 37
model name	: Intel(R) Core(TM) i3 CPU       M 350  @ 2.27GHz
stepping	: 5
microcode	: 0x3
cpu MHz		: 2266.000
cache size	: 3072 KB
physical id	: 0
siblings	: 4
core id		: 2
cpu cores	: 2
apicid		: 4
initial apicid	: 4
fpu		: yes
fpu_exception	: yes
cpuid level	: 11
wp		: yes
flags		: fpu vme de pse tsc msr pae mce cx8 apic sep mtrr pge mca cmov pat pse36 clflush dts acpi mmx fxsr sse sse2 ss ht tm pbe syscall nx rdtscp lm constant_tsc arch_perfmon pebs bts rep_good nopl xtopology nonstop_tsc aperfmperf pni dtes64 monitor ds_cpl vmx est tm2 ssse3 cx16 xtpr pdcm pcid sse4_1 sse4_2 popcnt lahf_lm arat dtherm tpr_shadow vnmi flexpriority ept vpid
bogomips	: 4521.60
clflush size	: 64
cache_alignment	: 64
address sizes	: 36 bits physical, 48 bits virtual
power management:

processor	: 2
vendor_id	: GenuineIntel
cpu family	: 6
model		: 37
model name	: Intel(R) Core(TM) i3 CPU       M 350  @ 2.27GHz
stepping	: 5
microcode	: 0x3
cpu MHz		: 2266.000
cache size	: 3072 KB
physical id	: 0
siblings	: 4
core id		: 0
cpu cores	: 2
apicid		: 1
initial apicid	: 1
fpu		: yes
fpu_exception	: yes
cpuid level	: 11
wp		: yes
flags		: fpu vme de pse tsc msr pae mce cx8 apic sep mtrr pge mca cmov pat pse36 clflush dts acpi mmx fxsr sse sse2 ss ht tm pbe syscall nx rdtscp lm constant_tsc arch_perfmon pebs bts rep_good nopl xtopology nonstop_tsc aperfmperf pni dtes64 monitor ds_cpl vmx est tm2 ssse3 cx16 xtpr pdcm pcid sse4_1 sse4_2 popcnt lahf_lm arat dtherm tpr_shadow vnmi flexpriority ept vpid
bogomips	: 4521.60
clflush size	: 64
cache_alignment	: 64
address sizes	: 36 bits physical, 48 bits virtual
power management:

processor	: 3
vendor_id	: GenuineIntel
cpu family	: 6
model		: 37
model name	: Intel(R) Core(TM) i3 CPU       M 350  @ 2.27GHz
stepping	: 5
microcode	: 0x3
cpu MHz		: 2266.000
cache size	: 3072 KB
physical id	: 0
siblings	: 4
core id		: 2
cpu cores	: 2
apicid		: 5
initial apicid	: 5
fpu		: yes
fpu_exception	: yes
cpuid level	: 11
wp		: yes
flags		: fpu vme de pse tsc msr pae mce cx8 apic sep mtrr pge mca cmov pat pse36 clflush dts acpi mmx fxsr sse sse2 ss ht tm pbe syscall nx rdtscp lm constant_tsc arch_perfmon pebs bts rep_good nopl xtopology nonstop_tsc aperfmperf pni dtes64 monitor ds_cpl vmx est tm2 ssse3 cx16 xtpr pdcm pcid sse4_1 sse4_2 popcnt lahf_lm arat dtherm tpr_shadow vnmi flexpriority ept vpid
bogomips	: 4521.60
clflush size	: 64
cache_alignment	: 64
address sizes	: 36 bits physical, 48 bits virtual
power management:



Memory: 4k page, physical 5971716k(115508k free), swap 4095996k(4086708k free)

vm_info: Java HotSpot(TM) 64-Bit Server VM (24.45-b08) for linux-amd64 JRE (1.7.0_45-b18), built on Oct  8 2013 05:44:25 by "java_re" with gcc 4.3.0 20080428 (Red Hat 4.3.0-8)

time: Thu Dec 12 12:51:33 2013
elapsed time: 0 seconds

