#
# A fatal error has been detected by the Java Runtime Environment:
#
#  Internal Error (javaClasses.cpp:136), pid=17404, tid=140672518989568
#  fatal error: Invalid layout of preloaded class
#
# JRE version:  (7.0_45-b18) (build )
# Java VM: Java HotSpot(TM) 64-Bit Server VM (24.45-b08 mixed mode linux-amd64 compressed oops)
# Failed to write core dump. Core dumps have been disabled. To enable core dumping, try "ulimit -c unlimited" before starting Java again
#
# If you would like to submit a bug report, please visit:
#   http://bugreport.sun.com/bugreport/crash.jsp
#

---------------  T H R E A D  ---------------

Current thread (0x00007ff0d8008800):  JavaThread "Unknown thread" [_thread_in_vm, id=17409, stack(0x00007ff0df762000,0x00007ff0df863000)]

Stack: [0x00007ff0df762000,0x00007ff0df863000],  sp=0x00007ff0df8617f0,  free space=1021k
Native frames: (J=compiled Java code, j=interpreted, Vv=VM code, C=native code)
V  [libjvm.so+0x992c8a]  VMError::report_and_die()+0x2ea
V  [libjvm.so+0x493559]  report_fatal(char const*, int, char const*)+0x59
V  [libjvm.so+0x5fdd00]  compute_offset(int&, klassOopDesc*, Symbol*, Symbol*, bool)+0x140
V  [libjvm.so+0x5fe819]  java_lang_String::compute_offsets()+0x39
V  [libjvm.so+0x918f55]  SystemDictionary::initialize_preloaded_classes(Thread*)+0x1a5
V  [libjvm.so+0x967c94]  Universe::genesis(Thread*)+0x494
V  [libjvm.so+0x968149]  universe2_init()+0x29
V  [libjvm.so+0x5a969d]  init_globals()+0xbd
V  [libjvm.so+0x94ed1d]  Threads::create_vm(JavaVMInitArgs*, bool*)+0x1ed
V  [libjvm.so+0x630804]  JNI_CreateJavaVM+0x74
C  [libjli.so+0x2f8e]  JavaMain+0x9e


---------------  P R O C E S S  ---------------

Java Threads: ( => current thread )

Other Threads:

=>0x00007ff0d8008800 (exited) JavaThread "Unknown thread" [_thread_in_vm, id=17409, stack(0x00007ff0df762000,0x00007ff0df863000)]

VM state:not at safepoint (not fully initialized)

VM Mutex/Monitor currently owned by a thread: None

GC Heap History (0 events):
No events

Deoptimization events (0 events):
No events

Internal exceptions (0 events):
No events

Events (10 events):
Event: 0.009 loading class 0x00007ff0de16c6f0 done
Event: 0.009 loading class 0x00007ff0de16c110 done
Event: 0.009 loading class 0x00007ff0de16c0f0
Event: 0.009 loading class 0x00007ff0de1741f0
Event: 0.009 loading class 0x00007ff0de1741f0 done
Event: 0.009 loading class 0x00007ff0de174220
Event: 0.009 loading class 0x00007ff0de174220 done
Event: 0.009 loading class 0x00007ff0de174250
Event: 0.009 loading class 0x00007ff0de174250 done
Event: 0.009 loading class 0x00007ff0de16c0f0 done


Dynamic libraries:
00400000-00401000 r-xp 00000000 08:04 1966601                            /usr/java/jdk1.7.0_45/bin/java
00600000-00601000 rw-p 00000000 08:04 1966601                            /usr/java/jdk1.7.0_45/bin/java
00e91000-00eb2000 rw-p 00000000 00:00 0                                  [heap]
9fc00000-a1100000 rw-p 00000000 00:00 0 
a1100000-a4e00000 rw-p 00000000 00:00 0 
a4e00000-a8a80000 rw-p 00000000 00:00 0 
a8a80000-e1a00000 rw-p 00000000 00:00 0 
e1a00000-e3880000 rw-p 00000000 00:00 0 
e3880000-100000000 rw-p 00000000 00:00 0 
339fc00000-339fc21000 r-xp 00000000 08:04 1999051                        /usr/lib64/ld-2.17.so
339fe20000-339fe21000 r--p 00020000 08:04 1999051                        /usr/lib64/ld-2.17.so
339fe21000-339fe22000 rw-p 00021000 08:04 1999051                        /usr/lib64/ld-2.17.so
339fe22000-339fe23000 rw-p 00000000 00:00 0 
33a0000000-33a01b6000 r-xp 00000000 08:04 1999052                        /usr/lib64/libc-2.17.so
33a01b6000-33a03b6000 ---p 001b6000 08:04 1999052                        /usr/lib64/libc-2.17.so
33a03b6000-33a03ba000 r--p 001b6000 08:04 1999052                        /usr/lib64/libc-2.17.so
33a03ba000-33a03bc000 rw-p 001ba000 08:04 1999052                        /usr/lib64/libc-2.17.so
33a03bc000-33a03c1000 rw-p 00000000 00:00 0 
33a0400000-33a0416000 r-xp 00000000 08:04 1999062                        /usr/lib64/libpthread-2.17.so
33a0416000-33a0616000 ---p 00016000 08:04 1999062                        /usr/lib64/libpthread-2.17.so
33a0616000-33a0617000 r--p 00016000 08:04 1999062                        /usr/lib64/libpthread-2.17.so
33a0617000-33a0618000 rw-p 00017000 08:04 1999062                        /usr/lib64/libpthread-2.17.so
33a0618000-33a061c000 rw-p 00000000 00:00 0 
33a0800000-33a0803000 r-xp 00000000 08:04 1999069                        /usr/lib64/libdl-2.17.so
33a0803000-33a0a02000 ---p 00003000 08:04 1999069                        /usr/lib64/libdl-2.17.so
33a0a02000-33a0a03000 r--p 00002000 08:04 1999069                        /usr/lib64/libdl-2.17.so
33a0a03000-33a0a04000 rw-p 00003000 08:04 1999069                        /usr/lib64/libdl-2.17.so
33a0c00000-33a0d01000 r-xp 00000000 08:04 1966303                        /usr/lib64/libm-2.17.so
33a0d01000-33a0f00000 ---p 00101000 08:04 1966303                        /usr/lib64/libm-2.17.so
33a0f00000-33a0f01000 r--p 00100000 08:04 1966303                        /usr/lib64/libm-2.17.so
33a0f01000-33a0f02000 rw-p 00101000 08:04 1966303                        /usr/lib64/libm-2.17.so
33a1400000-33a1407000 r-xp 00000000 08:04 1966947                        /usr/lib64/librt-2.17.so
33a1407000-33a1606000 ---p 00007000 08:04 1966947                        /usr/lib64/librt-2.17.so
33a1606000-33a1607000 r--p 00006000 08:04 1966947                        /usr/lib64/librt-2.17.so
33a1607000-33a1608000 rw-p 00007000 08:04 1966947                        /usr/lib64/librt-2.17.so
7ff0c0000000-7ff0c0021000 rw-p 00000000 00:00 0 
7ff0c0021000-7ff0c4000000 ---p 00000000 00:00 0 
7ff0c4fe0000-7ff0c8000000 rw-p 00000000 00:00 0 
7ff0c8000000-7ff0c8021000 rw-p 00000000 00:00 0 
7ff0c8021000-7ff0cc000000 ---p 00000000 00:00 0 
7ff0cc000000-7ff0cc021000 rw-p 00000000 00:00 0 
7ff0cc021000-7ff0d0000000 ---p 00000000 00:00 0 
7ff0d0000000-7ff0d0021000 rw-p 00000000 00:00 0 
7ff0d0021000-7ff0d4000000 ---p 00000000 00:00 0 
7ff0d5000000-7ff0d5270000 rwxp 00000000 00:00 0 
7ff0d5270000-7ff0d8053000 rw-p 00000000 00:00 0 
7ff0d8053000-7ff0dc000000 ---p 00000000 00:00 0 
7ff0dddb3000-7ff0de01f000 rw-p 00000000 00:00 0 
7ff0de01f000-7ff0de0f6000 r--s 013f2000 08:04 1581163                    /home/meng/software/android-studio/sdk/platforms/android-19/android.jar
7ff0de0f6000-7ff0de510000 rw-p 00000000 00:00 0 
7ff0de510000-7ff0de511000 ---p 00000000 00:00 0 
7ff0de511000-7ff0de611000 rw-p 00000000 00:00 0                          [stack:17413]
7ff0de611000-7ff0de612000 ---p 00000000 00:00 0 
7ff0de612000-7ff0de712000 rw-p 00000000 00:00 0                          [stack:17412]
7ff0de712000-7ff0de713000 ---p 00000000 00:00 0 
7ff0de713000-7ff0de813000 rw-p 00000000 00:00 0                          [stack:17411]
7ff0de813000-7ff0de814000 ---p 00000000 00:00 0 
7ff0de814000-7ff0de91f000 rw-p 00000000 00:00 0                          [stack:17410]
7ff0de91f000-7ff0de93d000 rw-p 00000000 00:00 0 
7ff0de93d000-7ff0de95c000 rw-p 00000000 00:00 0 
7ff0de95c000-7ff0deb23000 rw-p 00000000 00:00 0 
7ff0deb23000-7ff0deb2e000 rw-p 00000000 00:00 0 
7ff0deb2e000-7ff0deb4c000 rw-p 00000000 00:00 0 
7ff0deb4c000-7ff0deb6b000 rw-p 00000000 00:00 0 
7ff0deb6b000-7ff0ded32000 rw-p 00000000 00:00 0 
7ff0ded32000-7ff0ded42000 rw-p 00000000 00:00 0 
7ff0ded42000-7ff0dee25000 rw-p 00000000 00:00 0 
7ff0dee25000-7ff0dee30000 rw-p 00000000 00:00 0 
7ff0dee30000-7ff0deee6000 rw-p 00000000 00:00 0 
7ff0deee6000-7ff0def00000 r-xp 00000000 08:04 1976423                    /usr/java/jdk1.7.0_45/jre/lib/amd64/libzip.so
7ff0def00000-7ff0df100000 ---p 0001a000 08:04 1976423                    /usr/java/jdk1.7.0_45/jre/lib/amd64/libzip.so
7ff0df100000-7ff0df101000 rw-p 0001a000 08:04 1976423                    /usr/java/jdk1.7.0_45/jre/lib/amd64/libzip.so
7ff0df101000-7ff0df10d000 r-xp 00000000 08:04 1974639                    /usr/lib64/libnss_files-2.17.so
7ff0df10d000-7ff0df30c000 ---p 0000c000 08:04 1974639                    /usr/lib64/libnss_files-2.17.so
7ff0df30c000-7ff0df30d000 r--p 0000b000 08:04 1974639                    /usr/lib64/libnss_files-2.17.so
7ff0df30d000-7ff0df30e000 rw-p 0000c000 08:04 1974639                    /usr/lib64/libnss_files-2.17.so
7ff0df329000-7ff0df352000 r-xp 00000000 08:04 1976358                    /usr/java/jdk1.7.0_45/jre/lib/amd64/libjava.so
7ff0df352000-7ff0df552000 ---p 00029000 08:04 1976358                    /usr/java/jdk1.7.0_45/jre/lib/amd64/libjava.so
7ff0df552000-7ff0df554000 rw-p 00029000 08:04 1976358                    /usr/java/jdk1.7.0_45/jre/lib/amd64/libjava.so
7ff0df554000-7ff0df561000 r-xp 00000000 08:04 1976422                    /usr/java/jdk1.7.0_45/jre/lib/amd64/libverify.so
7ff0df561000-7ff0df760000 ---p 0000d000 08:04 1976422                    /usr/java/jdk1.7.0_45/jre/lib/amd64/libverify.so
7ff0df760000-7ff0df762000 rw-p 0000c000 08:04 1976422                    /usr/java/jdk1.7.0_45/jre/lib/amd64/libverify.so
7ff0df762000-7ff0df765000 ---p 00000000 00:00 0 
7ff0df765000-7ff0df863000 rw-p 00000000 00:00 0                          [stack:17409]
7ff0df863000-7ff0e03c5000 r-xp 00000000 08:04 1976439                    /usr/java/jdk1.7.0_45/jre/lib/amd64/server/libjvm.so
7ff0e03c5000-7ff0e05c5000 ---p 00b62000 08:04 1976439                    /usr/java/jdk1.7.0_45/jre/lib/amd64/server/libjvm.so
7ff0e05c5000-7ff0e0688000 rw-p 00b62000 08:04 1976439                    /usr/java/jdk1.7.0_45/jre/lib/amd64/server/libjvm.so
7ff0e0688000-7ff0e06cc000 rw-p 00000000 00:00 0 
7ff0e06cc000-7ff0e06e2000 r-xp 00000000 08:04 1977688                    /usr/java/jdk1.7.0_45/lib/amd64/jli/libjli.so
7ff0e06e2000-7ff0e08e2000 ---p 00016000 08:04 1977688                    /usr/java/jdk1.7.0_45/lib/amd64/jli/libjli.so
7ff0e08e2000-7ff0e08e3000 rw-p 00016000 08:04 1977688                    /usr/java/jdk1.7.0_45/lib/amd64/jli/libjli.so
7ff0e08e3000-7ff0e08e4000 rw-p 00000000 00:00 0 
7ff0e08f3000-7ff0e08f5000 rw-p 00000000 00:00 0 
7ff0e08f5000-7ff0e08fd000 rw-s 00000000 00:20 582151                     /tmp/hsperfdata_meng/17404
7ff0e08fd000-7ff0e08fe000 rw-p 00000000 00:00 0 
7ff0e08fe000-7ff0e08ff000 r--p 00000000 00:00 0 
7ff0e08ff000-7ff0e0900000 rw-p 00000000 00:00 0 
7fff99269000-7fff9928a000 rw-p 00000000 00:00 0                          [stack]
7fff9938d000-7fff9938f000 r-xp 00000000 00:00 0                          [vdso]
ffffffffff600000-ffffffffff601000 r-xp 00000000 00:00 0                  [vsyscall]

VM Arguments:
jvm_args: -Dfile.encoding=UTF-8 -Xbootclasspath:/home/meng/software/android-studio/sdk/platforms/android-19/android.jar 
java_command: com.graduation.net.NetUtil
Launcher Type: SUN_STANDARD

Environment Variables:
PATH=/home/meng/software/android-studio/bin:/usr/lib64/qt-3.3/bin:/usr/local/bin:/usr/bin:/bin:/usr/games:/usr/local/sbin:/usr/sbin:/home/meng/software/adt-bundle-linux-x86_64-20131030/sdk:/home/meng/.local/bin:/home/meng/bin
SHELL=/bin/bash
DISPLAY=:0

Signal Handlers:
SIGSEGV: [libjvm.so+0x9935b0], sa_mask[0]=0x7ffbfeff, sa_flags=0x10000004
SIGBUS: [libjvm.so+0x9935b0], sa_mask[0]=0x7ffbfeff, sa_flags=0x10000004
SIGFPE: [libjvm.so+0x810330], sa_mask[0]=0x7ffbfeff, sa_flags=0x10000004
SIGPIPE: [libjvm.so+0x810330], sa_mask[0]=0x7ffbfeff, sa_flags=0x10000004
SIGXFSZ: [libjvm.so+0x810330], sa_mask[0]=0x7ffbfeff, sa_flags=0x10000004
SIGILL: [libjvm.so+0x810330], sa_mask[0]=0x7ffbfeff, sa_flags=0x10000004
SIGUSR1: SIG_DFL, sa_mask[0]=0x00000000, sa_flags=0x00000000
SIGUSR2: [libjvm.so+0x811820], sa_mask[0]=0x00000004, sa_flags=0x10000004
SIGHUP: SIG_DFL, sa_mask[0]=0x00000000, sa_flags=0x00000000
SIGINT: SIG_DFL, sa_mask[0]=0x00000000, sa_flags=0x00000000
SIGTERM: SIG_DFL, sa_mask[0]=0x00000000, sa_flags=0x00000000
SIGQUIT: SIG_DFL, sa_mask[0]=0x00000000, sa_flags=0x00000000


---------------  S Y S T E M  ---------------

OS:Fedora release 19 (Schrödinger’s Cat)

uname:Linux 3.9.5-301.fc19.x86_64 #1 SMP Tue Jun 11 19:39:38 UTC 2013 x86_64
libc:glibc 2.17 NPTL 2.17 
rlimit: STACK 32768k, CORE 0k, NPROC 1024, NOFILE 4096, AS infinity
load average:0.72 1.03 1.02

/proc/meminfo:
MemTotal:        5971716 kB
MemFree:          125496 kB
Buffers:           49344 kB
Cached:          3386972 kB
SwapCached:          988 kB
Active:          3072084 kB
Inactive:        2327848 kB
Active(anon):    1955492 kB
Inactive(anon):  1176508 kB
Active(file):    1116592 kB
Inactive(file):  1151340 kB
Unevictable:           0 kB
Mlocked:               0 kB
SwapTotal:       4095996 kB
SwapFree:        4084764 kB
Dirty:              1472 kB
Writeback:             0 kB
AnonPages:       1962672 kB
Mapped:           216324 kB
Shmem:           1168372 kB
Slab:             246896 kB
SReclaimable:     172784 kB
SUnreclaim:        74112 kB
KernelStack:        3352 kB
PageTables:        55132 kB
NFS_Unstable:          0 kB
Bounce:                0 kB
WritebackTmp:          0 kB
CommitLimit:     7081852 kB
Committed_AS:    8409872 kB
VmallocTotal:   34359738367 kB
VmallocUsed:      364504 kB
VmallocChunk:   34359360548 kB
HardwareCorrupted:     0 kB
AnonHugePages:    815104 kB
HugePages_Total:       0
HugePages_Free:        0
HugePages_Rsvd:        0
HugePages_Surp:        0
Hugepagesize:       2048 kB
DirectMap4k:      439192 kB
DirectMap2M:     5709824 kB


CPU:total 4 (2 cores per cpu, 2 threads per core) family 6 model 37 stepping 5, cmov, cx8, fxsr, mmx, sse, sse2, sse3, ssse3, sse4.1, sse4.2, popcnt, ht, tsc, tscinvbit

/proc/cpuinfo:
processor	: 0
vendor_id	: GenuineIntel
cpu family	: 6
model		: 37
model name	: Intel(R) Core(TM) i3 CPU       M 350  @ 2.27GHz
stepping	: 5
microcode	: 0x3
cpu MHz		: 2266.000
cache size	: 3072 KB
physical id	: 0
siblings	: 4
core id		: 0
cpu cores	: 2
apicid		: 0
initial apicid	: 0
fpu		: yes
fpu_exception	: yes
cpuid level	: 11
wp		: yes
flags		: fpu vme de pse tsc msr pae mce cx8 apic sep mtrr pge mca cmov pat pse36 clflush dts acpi mmx fxsr sse sse2 ss ht tm pbe syscall nx rdtscp lm constant_tsc arch_perfmon pebs bts rep_good nopl xtopology nonstop_tsc aperfmperf pni dtes64 monitor ds_cpl vmx est tm2 ssse3 cx16 xtpr pdcm pcid sse4_1 sse4_2 popcnt lahf_lm arat dtherm tpr_shadow vnmi flexpriority ept vpid
bogomips	: 4521.60
clflush size	: 64
cache_alignment	: 64
address sizes	: 36 bits physical, 48 bits virtual
power management:

processor	: 1
vendor_id	: GenuineIntel
cpu family	: 6
model		: 37
model name	: Intel(R) Core(TM) i3 CPU       M 350  @ 2.27GHz
stepping	: 5
microcode	: 0x3
cpu MHz		: 2266.000
cache size	: 3072 KB
physical id	: 0
siblings	: 4
core id		: 2
cpu cores	: 2
apicid		: 4
initial apicid	: 4
fpu		: yes
fpu_exception	: yes
cpuid level	: 11
wp		: yes
flags		: fpu vme de pse tsc msr pae mce cx8 apic sep mtrr pge mca cmov pat pse36 clflush dts acpi mmx fxsr sse sse2 ss ht tm pbe syscall nx rdtscp lm constant_tsc arch_perfmon pebs bts rep_good nopl xtopology nonstop_tsc aperfmperf pni dtes64 monitor ds_cpl vmx est tm2 ssse3 cx16 xtpr pdcm pcid sse4_1 sse4_2 popcnt lahf_lm arat dtherm tpr_shadow vnmi flexpriority ept vpid
bogomips	: 4521.60
clflush size	: 64
cache_alignment	: 64
address sizes	: 36 bits physical, 48 bits virtual
power management:

processor	: 2
vendor_id	: GenuineIntel
cpu family	: 6
model		: 37
model name	: Intel(R) Core(TM) i3 CPU       M 350  @ 2.27GHz
stepping	: 5
microcode	: 0x3
cpu MHz		: 1466.000
cache size	: 3072 KB
physical id	: 0
siblings	: 4
core id		: 0
cpu cores	: 2
apicid		: 1
initial apicid	: 1
fpu		: yes
fpu_exception	: yes
cpuid level	: 11
wp		: yes
flags		: fpu vme de pse tsc msr pae mce cx8 apic sep mtrr pge mca cmov pat pse36 clflush dts acpi mmx fxsr sse sse2 ss ht tm pbe syscall nx rdtscp lm constant_tsc arch_perfmon pebs bts rep_good nopl xtopology nonstop_tsc aperfmperf pni dtes64 monitor ds_cpl vmx est tm2 ssse3 cx16 xtpr pdcm pcid sse4_1 sse4_2 popcnt lahf_lm arat dtherm tpr_shadow vnmi flexpriority ept vpid
bogomips	: 4521.60
clflush size	: 64
cache_alignment	: 64
address sizes	: 36 bits physical, 48 bits virtual
power management:

processor	: 3
vendor_id	: GenuineIntel
cpu family	: 6
model		: 37
model name	: Intel(R) Core(TM) i3 CPU       M 350  @ 2.27GHz
stepping	: 5
microcode	: 0x3
cpu MHz		: 933.000
cache size	: 3072 KB
physical id	: 0
siblings	: 4
core id		: 2
cpu cores	: 2
apicid		: 5
initial apicid	: 5
fpu		: yes
fpu_exception	: yes
cpuid level	: 11
wp		: yes
flags		: fpu vme de pse tsc msr pae mce cx8 apic sep mtrr pge mca cmov pat pse36 clflush dts acpi mmx fxsr sse sse2 ss ht tm pbe syscall nx rdtscp lm constant_tsc arch_perfmon pebs bts rep_good nopl xtopology nonstop_tsc aperfmperf pni dtes64 monitor ds_cpl vmx est tm2 ssse3 cx16 xtpr pdcm pcid sse4_1 sse4_2 popcnt lahf_lm arat dtherm tpr_shadow vnmi flexpriority ept vpid
bogomips	: 4521.60
clflush size	: 64
cache_alignment	: 64
address sizes	: 36 bits physical, 48 bits virtual
power management:



Memory: 4k page, physical 5971716k(125496k free), swap 4095996k(4084764k free)

vm_info: Java HotSpot(TM) 64-Bit Server VM (24.45-b08) for linux-amd64 JRE (1.7.0_45-b18), built on Oct  8 2013 05:44:25 by "java_re" with gcc 4.3.0 20080428 (Red Hat 4.3.0-8)

time: Thu Dec 12 12:52:18 2013
elapsed time: 0 seconds

